<?xml version="1.0" encoding="UTF-8"?>
<!-- Generated by org.testng.reporters.JUnitReportReporter -->
<testsuite skipped="0" hostname="DESKTOP-C8E99AT" name="com.test.DependentTestExamples" tests="2" failures="0" timestamp="2020-08-02T12:04:33 IST" time="0.014" errors="0">
  <testcase name="testTwo" time="0.011" classname="com.test.DependentTestExamples"/>
  <system-out/>
  <testcase name="testOne" time="0.003" classname="com.test.DependentTestExamples"/>
  <system-out/>
</testsuite> <!-- com.test.DependentTestExamples -->
