<?xml version="1.0" encoding="UTF-8"?>
<!-- Generated by org.testng.reporters.JUnitReportReporter -->
<testsuite skipped="0" hostname="DESKTOP-C8E99AT" name="com.test.DependsOnMethod2" tests="2" failures="0" timestamp="2020-08-05T00:23:34 IST" time="10.290" errors="0">
  <testcase name="startApp" time="9.339" classname="com.test.DependsOnMethod2"/>
  <system-out/>
  <testcase name="signIn" time="0.951" classname="com.test.DependsOnMethod2"/>
  <system-out/>
</testsuite> <!-- com.test.DependsOnMethod2 -->
