<?xml version="1.0" encoding="UTF-8"?>
<!-- Generated by org.testng.reporters.JUnitReportReporter -->
<testsuite skipped="0" hostname="DESKTOP-C8E99AT" name="com.test.TestA" tests="4" failures="0" timestamp="2020-07-08T14:01:51 IST" time="0.018" errors="0">
  <testcase name="DoLogin" time="0.013" classname="com.test.TestA"/>
  <system-out/>
  <testcase name="DoPassword" time="0.002" classname="com.test.TestA"/>
  <system-out/>
  <testcase name="DoLogout" time="0.002" classname="com.test.TestA"/>
  <system-out/>
  <testcase name="DoChangePassword" time="0.001" classname="com.test.TestA"/>
  <system-out/>
</testsuite> <!-- com.test.TestA -->
