<?xml version="1.0" encoding="UTF-8"?>
<!-- Generated by org.testng.reporters.JUnitReportReporter -->
<testsuite skipped="0" hostname="DESKTOP-C8E99AT" name="com.test.ParallelMethodExe" tests="2" failures="0" timestamp="2020-08-19T21:35:49 IST" time="0.016" errors="0">
  <testcase name="testTwo" time="0.004" classname="com.test.ParallelMethodExe"/>
  <system-out/>
  <testcase name="testOne" time="0.012" classname="com.test.ParallelMethodExe"/>
  <system-out/>
</testsuite> <!-- com.test.ParallelMethodExe -->
