<?xml version="1.0" encoding="UTF-8"?>
<!-- Generated by org.testng.reporters.JUnitReportReporter -->
<testsuite skipped="0" hostname="DESKTOP-C8E99AT" name="com.test.TestB" tests="1" failures="0" timestamp="2020-07-08T14:02:06 IST" time="0.012" errors="0">
  <testcase name="testB" time="0.012" classname="com.test.TestB"/>
  <system-out/>
</testsuite> <!-- com.test.TestB -->
