<?xml version="1.0" encoding="UTF-8"?>
<!-- Generated by org.testng.reporters.JUnitReportReporter -->
<testsuite skipped="0" hostname="DESKTOP-C8E99AT" name="com.test.AddingMethodToTestngwithXml" tests="3" failures="0" timestamp="2020-08-10T20:43:38 IST" time="0.016" errors="0">
  <testcase name="secondTestCase" time="0.003" classname="com.test.AddingMethodToTestngwithXml"/>
  <system-out/>
  <testcase name="firstTestCase" time="0.011" classname="com.test.AddingMethodToTestngwithXml"/>
  <system-out/>
  <testcase name="thirdTestCase" time="0.002" classname="com.test.AddingMethodToTestngwithXml"/>
  <system-out/>
</testsuite> <!-- com.test.AddingMethodToTestngwithXml -->
