<?xml version="1.0" encoding="UTF-8"?>
<!-- Generated by org.testng.reporters.JUnitReportReporter -->
<testsuite skipped="0" hostname="DESKTOP-C8E99AT" name="com.test.AnnotationTest" tests="2" failures="0" timestamp="2020-08-10T20:44:12 IST" time="0.017" errors="0">
  <testcase name="testTwo" time="0.007" classname="com.test.AnnotationTest"/>
  <system-out/>
  <testcase name="testOne" time="0.010" classname="com.test.AnnotationTest"/>
  <system-out/>
</testsuite> <!-- com.test.AnnotationTest -->
