<?xml version="1.0" encoding="UTF-8"?>
<!-- Generated by org.testng.reporters.JUnitReportReporter -->
<testsuite skipped="0" hostname="DESKTOP-C8E99AT" name="com.test.GoogleTest" tests="1" failures="0" timestamp="2020-08-10T19:14:45 IST" time="6.768" errors="0">
  <testcase name="verifyGooglepage" time="6.768" classname="com.test.GoogleTest"/>
  <system-out/>
</testsuite> <!-- com.test.GoogleTest -->
