<?xml version="1.0" encoding="UTF-8"?>
<!-- Generated by org.testng.reporters.JUnitReportReporter -->
<testsuite skipped="0" hostname="DESKTOP-C8E99AT" name="com.test.TC_001_CrossBrowserTesting" tests="1" failures="0" timestamp="2020-05-26T14:40:21 IST" time="0.009" errors="0">
  <testcase name="testing" time="0.009" classname="com.test.TC_001_CrossBrowserTesting"/>
  <system-out/>
</testsuite> <!-- com.test.TC_001_CrossBrowserTesting -->
