<?xml version="1.0" encoding="UTF-8"?>
<!-- Generated by org.testng.reporters.JUnitReportReporter -->
<testsuite skipped="0" hostname="DESKTOP-C8E99AT" name="com.test.PopupWhenClickOnButton" tests="1" failures="0" timestamp="2020-07-08T13:54:41 IST" time="10.221" errors="0">
  <testcase name="popup" time="10.221" classname="com.test.PopupWhenClickOnButton"/>
  <system-out/>
</testsuite> <!-- com.test.PopupWhenClickOnButton -->
