<?xml version="1.0" encoding="UTF-8"?>
<!-- Generated by org.testng.reporters.JUnitReportReporter -->
<testsuite skipped="0" hostname="DESKTOP-C8E99AT" name="com.test.BrowserCompatibility" tests="3" failures="0" timestamp="2020-08-13T17:40:48 IST" time="30.973" errors="0">
  <testcase name="verifypageTitle" time="7.766" classname="com.test.BrowserCompatibility"/>
  <system-out/>
  <testcase name="verifypageTitle" time="12.913" classname="com.test.BrowserCompatibility"/>
  <system-out/>
  <testcase name="verifypageTitle" time="10.294" classname="com.test.BrowserCompatibility"/>
  <system-out/>
</testsuite> <!-- com.test.BrowserCompatibility -->
