<?xml version="1.0" encoding="UTF-8"?>
<!-- Generated by org.testng.reporters.JUnitReportReporter -->
<testsuite skipped="0" hostname="DESKTOP-C8E99AT" name="com.test.AddTestCase" tests="3" failures="0" timestamp="2020-08-10T20:43:47 IST" time="0.018" errors="0">
  <testcase name="addEmployeeTestCase" time="0.004" classname="com.test.AddTestCase"/>
  <system-out/>
  <testcase name="addDepartmentTestCase" time="0.011" classname="com.test.AddTestCase"/>
  <system-out/>
  <testcase name="addLocationTestCase" time="0.003" classname="com.test.AddTestCase"/>
  <system-out/>
</testsuite> <!-- com.test.AddTestCase -->
