<?xml version="1.0" encoding="UTF-8"?>
<!-- Generated by org.testng.reporters.JUnitReportReporter -->
<testsuite skipped="0" hostname="DESKTOP-C8E99AT" name="com.test.TestNGBasics" tests="3" failures="0" timestamp="2020-07-27T20:22:13 IST" time="0.024" errors="0">
  <testcase name="googleLogoTest" time="0.017" classname="com.test.TestNGBasics"/>
  <system-out/>
  <testcase name="searchTest" time="0.003" classname="com.test.TestNGBasics"/>
  <system-out/>
  <testcase name="googleTitleTest" time="0.004" classname="com.test.TestNGBasics"/>
  <system-out/>
</testsuite> <!-- com.test.TestNGBasics -->
