<?xml version="1.0" encoding="UTF-8"?>
<!-- Generated by org.testng.reporters.JUnitReportReporter -->
<testsuite skipped="0" hostname="DESKTOP-C8E99AT" name="com.test.DependsOnMethod" tests="3" failures="0" timestamp="2020-08-03T00:49:16 IST" time="15.202" errors="0">
  <testcase name="startApp" time="8.566" classname="com.test.DependsOnMethod"/>
  <system-out/>
  <testcase name="logOutApp" time="1.770" classname="com.test.DependsOnMethod"/>
  <system-out/>
  <testcase name="loginApp" time="4.866" classname="com.test.DependsOnMethod"/>
  <system-out/>
</testsuite> <!-- com.test.DependsOnMethod -->
