<?xml version="1.0" encoding="UTF-8"?>
<!-- Generated by org.testng.reporters.JUnitReportReporter -->
<testsuite skipped="0" hostname="DESKTOP-C8E99AT" name="com.test.InvocationCount" tests="5" failures="0" timestamp="2020-08-10T17:28:07 IST" time="73.280" errors="0">
  <testcase name="getTitle" time="14.981" classname="com.test.InvocationCount"/>
  <system-out/>
  <testcase name="getTitle" time="15.489" classname="com.test.InvocationCount"/>
  <system-out/>
  <testcase name="getTitle" time="13.883" classname="com.test.InvocationCount"/>
  <system-out/>
  <testcase name="getTitle" time="14.698" classname="com.test.InvocationCount"/>
  <system-out/>
  <testcase name="getTitle" time="14.229" classname="com.test.InvocationCount"/>
  <system-out/>
</testsuite> <!-- com.test.InvocationCount -->
