<?xml version="1.0" encoding="UTF-8"?>
<!-- Generated by org.testng.reporters.JUnitReportReporter -->
<testsuite skipped="0" hostname="DESKTOP-C8E99AT" name="com.test.RunMultipleTestCasesfromXml" tests="4" failures="0" timestamp="2020-07-08T14:01:05 IST" time="0.019" errors="0">
  <testcase name="testMethod4" time="0.002" classname="com.test.RunMultipleTestCasesfromXml"/>
  <system-out/>
  <testcase name="testMethod2" time="0.003" classname="com.test.RunMultipleTestCasesfromXml"/>
  <system-out/>
  <testcase name="testMethod1" time="0.011" classname="com.test.RunMultipleTestCasesfromXml"/>
  <system-out/>
  <testcase name="testMethod3" time="0.003" classname="com.test.RunMultipleTestCasesfromXml"/>
  <system-out/>
</testsuite> <!-- com.test.RunMultipleTestCasesfromXml -->
