<?xml version="1.0" encoding="UTF-8"?>
<!-- Generated by org.testng.reporters.JUnitReportReporter -->
<testsuite skipped="0" hostname="DESKTOP-C8E99AT" name="com.test.methodParallelExecution" tests="2" failures="0" timestamp="2020-07-27T20:16:45 IST" time="0.025" errors="0">
  <testcase name="testTwo" time="0.003" classname="com.test.methodParallelExecution"/>
  <system-out/>
  <testcase name="testOne" time="0.022" classname="com.test.methodParallelExecution"/>
  <system-out/>
</testsuite> <!-- com.test.methodParallelExecution -->
