<?xml version="1.0" encoding="UTF-8"?>
<!-- Generated by org.testng.reporters.JUnitReportReporter -->
<testsuite skipped="0" hostname="DESKTOP-C8E99AT" name="com.test.MyMultiSelect" tests="1" failures="0" timestamp="2020-07-10T19:12:41 IST" time="17.550" errors="0">
  <testcase name="testMultiSelect" time="17.550" classname="com.test.MyMultiSelect"/>
  <system-out/>
</testsuite> <!-- com.test.MyMultiSelect -->
